Log file open, 08/12/20 13:25:28
LogWindows: Failed to load 'aqProf.dll' (GetLastError=126)
LogWindows: File 'aqProf.dll' does not exist
LogWindows: Failed to load 'VtuneApi.dll' (GetLastError=126)
LogWindows: File 'VtuneApi.dll' does not exist
LogWindows: Failed to load 'VtuneApi32e.dll' (GetLastError=126)
LogWindows: File 'VtuneApi32e.dll' does not exist
LogConsoleResponse: Display: Failed to find resolution value strings in scalability ini. Falling back to default.
LogInit: Display: Running engine for game: DataViz
LogPlatformFile: Not using cached read wrapper
LogTaskGraph: Started task graph with 5 named threads and 47 total threads with 3 sets of task threads.
LogStats: Stats thread started at 0.566738
LogD3D11RHI: Loaded GFSDK_Aftermath_Lib.x64.dll
LogICUInternationalization: ICU TimeZone Detection - Raw Offset: -8:00, Platform Override: ''
LogPluginManager: Mounting plugin Paper2D
LogPluginManager: Mounting plugin AISupport
LogPluginManager: Mounting plugin LightPropagationVolume
LogPluginManager: Mounting plugin ActorLayerUtilities
LogPluginManager: Mounting plugin AnimationSharing
LogPluginManager: Mounting plugin CLionSourceCodeAccess
LogPluginManager: Mounting plugin CodeLiteSourceCodeAccess
LogPluginManager: Mounting plugin GitSourceControl
LogPluginManager: Mounting plugin KDevelopSourceCodeAccess
LogPluginManager: Mounting plugin NullSourceCodeAccess
LogPluginManager: Mounting plugin PerforceSourceControl
LogPluginManager: Mounting plugin PlasticSourceControl
LogPluginManager: Mounting plugin SubversionSourceControl
LogPluginManager: Mounting plugin UObjectPlugin
LogPluginManager: Mounting plugin VisualStudioCodeSourceCodeAccess
LogPluginManager: Mounting plugin VisualStudioSourceCodeAccess
LogPluginManager: Mounting plugin XCodeSourceCodeAccess
LogPluginManager: Mounting plugin AssetManagerEditor
LogPluginManager: Mounting plugin CryptoKeys
LogPluginManager: Mounting plugin CurveEditorTools
LogPluginManager: Mounting plugin DataValidation
LogPluginManager: Mounting plugin FacialAnimation
LogPluginManager: Mounting plugin GameplayTagsEditor
LogPluginManager: Mounting plugin MacGraphicsSwitching
LogPluginManager: Mounting plugin MaterialAnalyzer
LogPluginManager: Mounting plugin MobileLauncherProfileWizard
LogPluginManager: Mounting plugin PluginBrowser
LogPluginManager: Mounting plugin SpeedTreeImporter
LogPluginManager: Mounting plugin DatasmithContent
LogPluginManager: Mounting plugin VariantManagerContent
LogPluginManager: Mounting plugin AlembicImporter
LogPluginManager: Mounting plugin AutomationUtils
LogPluginManager: Mounting plugin BackChannel
LogPluginManager: Mounting plugin CharacterAI
LogPluginManager: Mounting plugin GeometryCache
LogPluginManager: Mounting plugin PlatformCrypto
LogPluginManager: Mounting plugin ProxyLODPlugin
LogPluginManager: Mounting plugin SkeletalReduction
LogPluginManager: Mounting plugin MagicLeap
LogPluginManager: Mounting plugin MagicLeapMedia
LogPluginManager: Mounting plugin MLSDK
LogPluginManager: Mounting plugin VaRest
LogPluginManager: Mounting plugin AndroidMedia
LogPluginManager: Mounting plugin AvfMedia
LogPluginManager: Mounting plugin ImgMedia
LogPluginManager: Mounting plugin MediaCompositing
LogPluginManager: Mounting plugin MediaPlayerEditor
LogPluginManager: Mounting plugin WebMMedia
LogPluginManager: Mounting plugin WmfMedia
LogPluginManager: Mounting plugin TcpMessaging
LogPluginManager: Mounting plugin UdpMessaging
LogPluginManager: Mounting plugin ActorSequence
LogPluginManager: Mounting plugin LevelSequenceEditor
LogPluginManager: Mounting plugin MatineeToLevelSequence
LogPluginManager: Mounting plugin NetcodeUnitTest
LogPluginManager: Mounting plugin NUTUnrealEngine4
LogPluginManager: Mounting plugin OnlineSubsystemGooglePlay
LogPluginManager: Mounting plugin OnlineSubsystemIOS
LogPluginManager: Mounting plugin OnlineSubsystem
LogPluginManager: Mounting plugin OnlineSubsystemNull
LogPluginManager: Mounting plugin OnlineSubsystemUtils
LogPluginManager: Mounting plugin LauncherChunkInstaller
LogPluginManager: Mounting plugin AndroidDeviceProfileSelector
LogPluginManager: Mounting plugin AndroidMoviePlayer
LogPluginManager: Mounting plugin AndroidPermission
LogPluginManager: Mounting plugin AppleImageUtils
LogPluginManager: Mounting plugin AppleMoviePlayer
LogPluginManager: Mounting plugin ArchVisCharacter
LogPluginManager: Mounting plugin AssetTags
LogPluginManager: Mounting plugin AudioCapture
LogPluginManager: Mounting plugin CableComponent
LogPluginManager: Mounting plugin CustomMeshComponent
LogPluginManager: Mounting plugin EditableMesh
LogPluginManager: Mounting plugin ExampleDeviceProfileSelector
LogPluginManager: Mounting plugin GoogleCloudMessaging
LogPluginManager: Mounting plugin IOSDeviceProfileSelector
LogPluginManager: Mounting plugin LinuxDeviceProfileSelector
LogPluginManager: Mounting plugin LocationServicesBPLibrary
LogPluginManager: Mounting plugin MobilePatchingUtils
LogPluginManager: Mounting plugin OculusVR
LogPluginManager: Mounting plugin PhysXVehicles
LogPluginManager: Mounting plugin PostSplashScreen
LogPluginManager: Mounting plugin ProceduralMeshComponent
LogPluginManager: Mounting plugin RuntimePhysXCooking
LogPluginManager: Mounting plugin SignificanceManager
LogPluginManager: Mounting plugin SteamVR
LogPluginManager: Mounting plugin WebMMoviePlayer
LogPluginManager: Mounting plugin WindowsMoviePlayer
LogPluginManager: Mounting plugin ScreenshotTools
LogInit: Using libcurl 7.55.1-DEV
LogInit:  - built for x86_64-pc-win32
LogInit:  - supports SSL with OpenSSL/1.1.1
LogInit:  - supports HTTP deflate (compression) using libz 1.2.8
LogInit:  - other features:
LogInit:      CURL_VERSION_SSL
LogInit:      CURL_VERSION_LIBZ
LogInit:      CURL_VERSION_IPV6
LogInit:      CURL_VERSION_ASYNCHDNS
LogInit:      CURL_VERSION_LARGEFILE
LogInit:      CURL_VERSION_IDN
LogInit:  CurlRequestOptions (configurable via config and command line):
LogInit:  - bVerifyPeer = true  - Libcurl will verify peer certificate
LogInit:  - bUseHttpProxy = false  - Libcurl will NOT use HTTP proxy
LogInit:  - bDontReuseConnections = false  - Libcurl will reuse connections
LogInit:  - MaxHostConnections = 16  - Libcurl will limit the number of connections to a host
LogInit:  - LocalHostAddr = Default
LogInit:  - BufferSize = 65536
LogOnline: OSS: Creating online subsystem instance for: NULL
LogInit: WinSock: version 1.1 (2.2), MaxSocks=32767, MaxUdp=65467
LogOnline: OSS: TryLoadSubsystemAndSetDefault: Loaded subsystem for module [NULL]
LogInit: Build: ++UE4+Release-4.24-CL-11590370
LogInit: Engine Version: 4.24.3-11590370+++UE4+Release-4.24
LogInit: Compatible Engine Version: 4.24.0-10570792+++UE4+Release-4.24
LogInit: Net CL: 10570792
LogInit: OS: Windows 10 (Release 2004) (), CPU: Intel(R) Core(TM) i7-9800X CPU @ 3.80GHz, GPU: NVIDIA GeForce RTX 2080
LogInit: Compiled (64-bit): Feb 24 2020 15:39:18
LogInit: Compiled with Visual C++: 19.16.27032.01
LogInit: Build Configuration: Development
LogInit: Branch Name: ++UE4+Release-4.24
LogInit: Command Line: 
LogInit: Base Directory: C:/Program Files/Epic Games/UE_4.24/Engine/Binaries/Win64/
LogInit: Installed Engine Build: 1
LogDevObjectVersion: Number of dev versions registered: 25
LogDevObjectVersion:   Dev-Blueprints (B0D832E4-1F89-4F0D-ACCF-7EB736FD4AA2): 10
LogDevObjectVersion:   Dev-Build (E1C64328-A22C-4D53-A36C-8E866417BD8C): 0
LogDevObjectVersion:   Dev-Core (375EC13C-06E4-48FB-B500-84F0262A717E): 3
LogDevObjectVersion:   Dev-Editor (E4B068ED-F494-42E9-A231-DA0B2E46BB41): 37
LogDevObjectVersion:   Dev-Framework (CFFC743F-43B0-4480-9391-14DF171D2073): 36
LogDevObjectVersion:   Dev-Mobile (B02B49B5-BB20-44E9-A304-32B752E40360): 2
LogDevObjectVersion:   Dev-Networking (A4E4105C-59A1-49B5-A7C5-40C4547EDFEE): 0
LogDevObjectVersion:   Dev-Online (39C831C9-5AE6-47DC-9A44-9C173E1C8E7C): 0
LogDevObjectVersion:   Dev-Physics (78F01B33-EBEA-4F98-B9B4-84EACCB95AA2): 2
LogDevObjectVersion:   Dev-Platform (6631380F-2D4D-43E0-8009-CF276956A95A): 0
LogDevObjectVersion:   Dev-Rendering (12F88B9F-8875-4AFC-A67C-D90C383ABD29): 36
LogDevObjectVersion:   Dev-Sequencer (7B5AE74C-D270-4C10-A958-57980B212A5A): 11
LogDevObjectVersion:   Dev-VR (D7296918-1DD6-4BDD-9DE2-64A83CC13884): 2
LogDevObjectVersion:   Dev-LoadTimes (C2A15278-BFE7-4AFE-6C17-90FF531DF755): 1
LogDevObjectVersion:   Private-Geometry (6EACA3D4-40EC-4CC1-B786-8BED09428FC5): 3
LogDevObjectVersion:   Dev-AnimPhys (29E575DD-E0A3-4627-9D10-D276232CDCEA): 17
LogDevObjectVersion:   Dev-Anim (AF43A65D-7FD3-4947-9873-3E8ED9C1BB05): 2
LogDevObjectVersion:   Dev-ReflectionCapture (6B266CEC-1EC7-4B8F-A30B-E4D90942FC07): 1
LogDevObjectVersion:   Dev-Automation (0DF73D61-A23F-47EA-B727-89E90C41499A): 1
LogDevObjectVersion:   FortniteMain (601D1886-AC64-4F84-AA16-D3DE0DEAC7D6): 31
LogDevObjectVersion:   Dev-Enterprise (9DFFBCD6-494F-0158-E221-12823C92A888): 8
LogDevObjectVersion:   Dev-Niagara (F2AED0AC-9AFE-416F-8664-AA7FFA26D6FC): 1
LogDevObjectVersion:   Dev-Destruction (174F1F0B-B4C6-45A5-B13F-2EE8D0FB917D): 9
LogDevObjectVersion:   Dev-Physics-Ext (35F94A83-E258-406C-A318-09F59610247C): 8
LogDevObjectVersion:   Dev-CineCamera (B2E18506-4273-CFC2-A54E-F4BB758BBA07): 1
LogLinker: AddRedirectList(C:/Users/Student/Documents/GitHub/DataViz/DataViz/Saved/Config/Windows/VaRest.ini) has substring redirect /VaRestPlugin/, these are very slow and should be resolved as soon as possible!
LogInit: Presizing for max 25165824 objects, including 0 objects not considered by GC, pre-allocating 0 bytes for permanent pool.
LogInit: Object subsystem initialized
LogConfig: Setting CVar [[con.DebugEarlyDefault:1]]
LogConfig: Setting CVar [[r.setres:1280x720]]
[2020.08.12-20.25.29:366][  0]LogConfig: Setting CVar [[r.VSync:0]]
[2020.08.12-20.25.29:366][  0]LogConfig: Setting CVar [[r.RHICmdBypass:0]]
[2020.08.12-20.25.29:367][  0]LogConfig: Applying CVar settings from Section [/Script/Engine.RendererSettings] File [C:/Users/Student/Documents/GitHub/DataViz/DataViz/Saved/Config/Windows/Engine.ini]
[2020.08.12-20.25.29:367][  0]LogConfig: Setting CVar [[r.GPUCrashDebugging:0]]
[2020.08.12-20.25.29:367][  0]LogConfig: Setting CVar [[r.DefaultFeature.AmbientOcclusion:0]]
[2020.08.12-20.25.29:367][  0]LogConfig: Setting CVar [[r.DefaultFeature.AmbientOcclusionStaticFraction:0]]
[2020.08.12-20.25.29:367][  0]LogConfig: Setting CVar [[vr.InstancedStereo:1]]
[2020.08.12-20.25.29:367][  0]LogConfig: Setting CVar [[r.SeparateTranslucency:0]]
[2020.08.12-20.25.29:367][  0]LogConfig: Setting CVar [[r.HZBOcclusion:0]]
[2020.08.12-20.25.29:367][  0]LogConfig: Setting CVar [[r.SSR.MaxRoughness:0]]
[2020.08.12-20.25.29:367][  0]LogConfig: Setting CVar [[r.rhicmdbypass:0]]
[2020.08.12-20.25.29:367][  0]LogConfig: Applying CVar settings from Section [/Script/Engine.RendererOverrideSettings] File [C:/Users/Student/Documents/GitHub/DataViz/DataViz/Saved/Config/Windows/Engine.ini]
[2020.08.12-20.25.29:367][  0]LogConfig: Applying CVar settings from Section [/Script/Engine.StreamingSettings] File [C:/Users/Student/Documents/GitHub/DataViz/DataViz/Saved/Config/Windows/Engine.ini]
[2020.08.12-20.25.29:367][  0]LogConfig: Setting CVar [[s.MinBulkDataSizeForAsyncLoading:131072]]
[2020.08.12-20.25.29:367][  0]LogConfig: Setting CVar [[s.AsyncLoadingThreadEnabled:0]]
[2020.08.12-20.25.29:367][  0]LogConfig: Setting CVar [[s.EventDrivenLoaderEnabled:1]]
[2020.08.12-20.25.29:367][  0]LogConfig: Setting CVar [[s.WarnIfTimeLimitExceeded:0]]
[2020.08.12-20.25.29:367][  0]LogConfig: Setting CVar [[s.TimeLimitExceededMultiplier:1.5]]
[2020.08.12-20.25.29:367][  0]LogConfig: Setting CVar [[s.TimeLimitExceededMinTime:0.005]]
[2020.08.12-20.25.29:367][  0]LogConfig: Setting CVar [[s.UseBackgroundLevelStreaming:1]]
[2020.08.12-20.25.29:367][  0]LogConfig: Setting CVar [[s.PriorityAsyncLoadingExtraTime:15.0]]
[2020.08.12-20.25.29:367][  0]LogConfig: Setting CVar [[s.LevelStreamingActorsUpdateTimeLimit:5.0]]
[2020.08.12-20.25.29:367][  0]LogConfig: Setting CVar [[s.PriorityLevelStreamingActorsUpdateExtraTime:5.0]]
[2020.08.12-20.25.29:367][  0]LogConfig: Setting CVar [[s.LevelStreamingComponentsRegistrationGranularity:10]]
[2020.08.12-20.25.29:367][  0]LogConfig: Setting CVar [[s.UnregisterComponentsTimeLimit:1.0]]
[2020.08.12-20.25.29:367][  0]LogConfig: Setting CVar [[s.LevelStreamingComponentsUnregistrationGranularity:5]]
[2020.08.12-20.25.29:367][  0]LogConfig: Setting CVar [[s.FlushStreamingOnExit:1]]
[2020.08.12-20.25.29:367][  0]LogConfig: Applying CVar settings from Section [/Script/Engine.GarbageCollectionSettings] File [C:/Users/Student/Documents/GitHub/DataViz/DataViz/Saved/Config/Windows/Engine.ini]
[2020.08.12-20.25.29:367][  0]LogConfig: Setting CVar [[gc.MaxObjectsNotConsideredByGC:1]]
[2020.08.12-20.25.29:367][  0]LogConfig: Setting CVar [[gc.SizeOfPermanentObjectPool:0]]
[2020.08.12-20.25.29:367][  0]LogConfig: Setting CVar [[gc.FlushStreamingOnGC:0]]
[2020.08.12-20.25.29:367][  0]LogConfig: Setting CVar [[gc.NumRetriesBeforeForcingGC:10]]
[2020.08.12-20.25.29:367][  0]LogConfig: Setting CVar [[gc.AllowParallelGC:1]]
[2020.08.12-20.25.29:367][  0]LogConfig: Setting CVar [[gc.TimeBetweenPurgingPendingKillObjects:61.1]]
[2020.08.12-20.25.29:367][  0]LogConfig: Setting CVar [[gc.MaxObjectsInEditor:25165824]]
[2020.08.12-20.25.29:367][  0]LogConfig: Setting CVar [[gc.IncrementalBeginDestroyEnabled:1]]
[2020.08.12-20.25.29:367][  0]LogConfig: Setting CVar [[gc.CreateGCClusters:1]]
[2020.08.12-20.25.29:367][  0]LogConfig: Setting CVar [[gc.MinGCClusterSize:5]]
[2020.08.12-20.25.29:367][  0]LogConfig: Setting CVar [[gc.ActorClusteringEnabled:0]]
[2020.08.12-20.25.29:367][  0]LogConfig: Setting CVar [[gc.BlueprintClusteringEnabled:0]]
[2020.08.12-20.25.29:367][  0]LogConfig: Setting CVar [[gc.UseDisregardForGCOnDedicatedServers:0]]
[2020.08.12-20.25.29:367][  0]LogConfig: Applying CVar settings from Section [/Script/Engine.NetworkSettings] File [C:/Users/Student/Documents/GitHub/DataViz/DataViz/Saved/Config/Windows/Engine.ini]
[2020.08.12-20.25.29:367][  0]LogConfig: Applying CVar settings from Section [/Script/UnrealEd.CookerSettings] File [C:/Users/Student/Documents/GitHub/DataViz/DataViz/Saved/Config/Windows/Engine.ini]
[2020.08.12-20.25.29:370][  0]LogConfig: Applying CVar settings from Section [ViewDistanceQuality@3] File [C:/Users/Student/Documents/GitHub/DataViz/DataViz/Saved/Config/Windows/Scalability.ini]
[2020.08.12-20.25.29:370][  0]LogConfig: Setting CVar [[r.SkeletalMeshLODBias:0]]
[2020.08.12-20.25.29:370][  0]LogConfig: Setting CVar [[r.ViewDistanceScale:1.0]]
[2020.08.12-20.25.29:370][  0]LogConfig: Applying CVar settings from Section [AntiAliasingQuality@3] File [C:/Users/Student/Documents/GitHub/DataViz/DataViz/Saved/Config/Windows/Scalability.ini]
[2020.08.12-20.25.29:370][  0]LogConfig: Setting CVar [[r.PostProcessAAQuality:3]]
[2020.08.12-20.25.29:370][  0]LogConfig: Applying CVar settings from Section [ShadowQuality@3] File [C:/Users/Student/Documents/GitHub/DataViz/DataViz/Saved/Config/Windows/Scalability.ini]
[2020.08.12-20.25.29:370][  0]LogConfig: Setting CVar [[r.LightFunctionQuality:1]]
[2020.08.12-20.25.29:370][  0]LogConfig: Setting CVar [[r.ShadowQuality:5]]
[2020.08.12-20.25.29:370][  0]LogConfig: Setting CVar [[r.Shadow.CSM.MaxCascades:10]]
[2020.08.12-20.25.29:370][  0]LogConfig: Setting CVar [[r.Shadow.MaxResolution:2048]]
[2020.08.12-20.25.29:370][  0]LogConfig: Setting CVar [[r.Shadow.MaxCSMResolution:2048]]
[2020.08.12-20.25.29:370][  0]LogConfig: Setting CVar [[r.Shadow.RadiusThreshold:0.01]]
[2020.08.12-20.25.29:370][  0]LogConfig: Setting CVar [[r.Shadow.DistanceScale:1.0]]
[2020.08.12-20.25.29:370][  0]LogConfig: Setting CVar [[r.Shadow.CSM.TransitionScale:1.0]]
[2020.08.12-20.25.29:370][  0]LogConfig: Setting CVar [[r.Shadow.PreShadowResolutionFactor:1.0]]
[2020.08.12-20.25.29:370][  0]LogConfig: Setting CVar [[r.DistanceFieldShadowing:1]]
[2020.08.12-20.25.29:370][  0]LogConfig: Setting CVar [[r.DistanceFieldAO:1]]
[2020.08.12-20.25.29:370][  0]LogConfig: Setting CVar [[r.AOQuality:2]]
[2020.08.12-20.25.29:370][  0]LogConfig: Setting CVar [[r.VolumetricFog:1]]
[2020.08.12-20.25.29:370][  0]LogConfig: Setting CVar [[r.VolumetricFog.GridPixelSize:8]]
[2020.08.12-20.25.29:370][  0]LogConfig: Setting CVar [[r.VolumetricFog.GridSizeZ:128]]
[2020.08.12-20.25.29:370][  0]LogConfig: Setting CVar [[r.VolumetricFog.HistoryMissSupersampleCount:4]]
[2020.08.12-20.25.29:370][  0]LogConfig: Setting CVar [[r.LightMaxDrawDistanceScale:1]]
[2020.08.12-20.25.29:371][  0]LogConfig: Setting CVar [[r.CapsuleShadows:1]]
[2020.08.12-20.25.29:371][  0]LogConfig: Applying CVar settings from Section [PostProcessQuality@3] File [C:/Users/Student/Documents/GitHub/DataViz/DataViz/Saved/Config/Windows/Scalability.ini]
[2020.08.12-20.25.29:371][  0]LogConfig: Setting CVar [[r.MotionBlurQuality:0]]
[2020.08.12-20.25.29:371][  0]LogConfig: Setting CVar [[r.AmbientOcclusionMipLevelFactor:0.4]]
[2020.08.12-20.25.29:371][  0]LogConfig: Setting CVar [[r.AmbientOcclusionMaxQuality:100]]
[2020.08.12-20.25.29:371][  0]LogConfig: Setting CVar [[r.AmbientOcclusionLevels:0]]
[2020.08.12-20.25.29:371][  0]LogConfig: Setting CVar [[r.AmbientOcclusionRadiusScale:1.0]]
[2020.08.12-20.25.29:371][  0]LogConfig: Setting CVar [[r.DepthOfFieldQuality:0]]
[2020.08.12-20.25.29:371][  0]LogConfig: Setting CVar [[r.RenderTargetPoolMin:400]]
[2020.08.12-20.25.29:371][  0]LogConfig: Setting CVar [[r.LensFlareQuality:0]]
[2020.08.12-20.25.29:371][  0]LogConfig: Setting CVar [[r.SceneColorFringeQuality:0]]
[2020.08.12-20.25.29:371][  0]LogConfig: Setting CVar [[r.EyeAdaptationQuality:2]]
[2020.08.12-20.25.29:371][  0]LogConfig: Setting CVar [[r.BloomQuality:1]]
[2020.08.12-20.25.29:371][  0]LogConfig: Setting CVar [[r.FastBlurThreshold:0]]
[2020.08.12-20.25.29:371][  0]LogConfig: Setting CVar [[r.Upscale.Quality:3]]
[2020.08.12-20.25.29:371][  0]LogConfig: Setting CVar [[r.Tonemapper.GrainQuantization:1]]
[2020.08.12-20.25.29:371][  0]LogConfig: Setting CVar [[r.LightShaftQuality:1]]
[2020.08.12-20.25.29:371][  0]LogConfig: Setting CVar [[r.Filter.SizeScale:1]]
[2020.08.12-20.25.29:371][  0]LogConfig: Setting CVar [[r.Tonemapper.Quality:5]]
[2020.08.12-20.25.29:371][  0]LogConfig: Setting CVar [[r.DOF.Gather.AccumulatorQuality:1        ; higher gathering accumulator quality]]
[2020.08.12-20.25.29:371][  0]LogConfig: Setting CVar [[r.DOF.Gather.PostfilterMethod:1          ; Median3x3 postfilering method]]
[2020.08.12-20.25.29:371][  0]LogConfig: Setting CVar [[r.DOF.Gather.EnableBokehSettings:0       ; no bokeh simulation when gathering]]
[2020.08.12-20.25.29:371][  0]LogConfig: Setting CVar [[r.DOF.Gather.RingCount:4                 ; medium number of samples when gathering]]
[2020.08.12-20.25.29:371][  0]LogConfig: Setting CVar [[r.DOF.Scatter.ForegroundCompositing:1    ; additive foreground scattering]]
[2020.08.12-20.25.29:371][  0]LogConfig: Setting CVar [[r.DOF.Scatter.BackgroundCompositing:2    ; additive background scattering]]
[2020.08.12-20.25.29:371][  0]LogConfig: Setting CVar [[r.DOF.Scatter.EnableBokehSettings:1      ; bokeh simulation when scattering]]
[2020.08.12-20.25.29:371][  0]LogConfig: Setting CVar [[r.DOF.Scatter.MaxSpriteRatio:0.1         ; only a maximum of 10% of scattered bokeh]]
[2020.08.12-20.25.29:371][  0]LogConfig: Setting CVar [[r.DOF.Recombine.Quality:1                ; cheap slight out of focus]]
[2020.08.12-20.25.29:371][  0]LogConfig: Setting CVar [[r.DOF.Recombine.EnableBokehSettings:0    ; no bokeh simulation on slight out of focus]]
[2020.08.12-20.25.29:371][  0]LogConfig: Setting CVar [[r.DOF.TemporalAAQuality:1                ; more stable temporal accumulation]]
[2020.08.12-20.25.29:371][  0]LogConfig: Setting CVar [[r.DOF.Kernel.MaxForegroundRadius:0.025]]
[2020.08.12-20.25.29:371][  0]LogConfig: Setting CVar [[r.DOF.Kernel.MaxBackgroundRadius:0.025]]
[2020.08.12-20.25.29:371][  0]LogConfig: Applying CVar settings from Section [TextureQuality@3] File [C:/Users/Student/Documents/GitHub/DataViz/DataViz/Saved/Config/Windows/Scalability.ini]
[2020.08.12-20.25.29:371][  0]LogConfig: Setting CVar [[r.Streaming.MipBias:0]]
[2020.08.12-20.25.29:371][  0]LogConfig: Setting CVar [[r.Streaming.AmortizeCPUToGPUCopy:0]]
[2020.08.12-20.25.29:371][  0]LogConfig: Setting CVar [[r.Streaming.MaxNumTexturesToStreamPerFrame:0]]
[2020.08.12-20.25.29:371][  0]LogConfig: Setting CVar [[r.Streaming.Boost:1]]
[2020.08.12-20.25.29:371][  0]LogConfig: Setting CVar [[r.MaxAnisotropy:8]]
[2020.08.12-20.25.29:371][  0]LogConfig: Setting CVar [[r.VT.MaxAnisotropy:8]]
[2020.08.12-20.25.29:371][  0]LogConfig: Setting CVar [[r.Streaming.LimitPoolSizeToVRAM:0]]
[2020.08.12-20.25.29:371][  0]LogConfig: Setting CVar [[r.Streaming.PoolSize:1000]]
[2020.08.12-20.25.29:371][  0]LogConfig: Setting CVar [[r.Streaming.MaxEffectiveScreenSize:0]]
[2020.08.12-20.25.29:371][  0]LogConfig: Applying CVar settings from Section [EffectsQuality@3] File [C:/Users/Student/Documents/GitHub/DataViz/DataViz/Saved/Config/Windows/Scalability.ini]
[2020.08.12-20.25.29:371][  0]LogConfig: Setting CVar [[r.TranslucencyLightingVolumeDim:4]]
[2020.08.12-20.25.29:371][  0]LogConfig: Setting CVar [[r.RefractionQuality:2]]
[2020.08.12-20.25.29:371][  0]LogConfig: Setting CVar [[r.SSR.Quality:0]]
[2020.08.12-20.25.29:371][  0]LogConfig: Setting CVar [[r.SSR.HalfResSceneColor:0]]
[2020.08.12-20.25.29:371][  0]LogConfig: Setting CVar [[r.SceneColorFormat:2]]
[2020.08.12-20.25.29:371][  0]LogConfig: Setting CVar [[r.DetailMode:2]]
[2020.08.12-20.25.29:371][  0]LogConfig: Setting CVar [[r.TranslucencyVolumeBlur:0]]
[2020.08.12-20.25.29:371][  0]LogConfig: Setting CVar [[r.MaterialQualityLevel:1 ; High quality]]
[2020.08.12-20.25.29:371][  0]LogConfig: Setting CVar [[r.SSS.Scale:1]]
[2020.08.12-20.25.29:371][  0]LogConfig: Setting CVar [[r.SSS.SampleSet:2]]
[2020.08.12-20.25.29:371][  0]LogConfig: Setting CVar [[r.SSS.Quality:1]]
[2020.08.12-20.25.29:371][  0]LogConfig: Setting CVar [[r.SSS.HalfRes:1]]
[2020.08.12-20.25.29:371][  0]LogConfig: Setting CVar [[r.SSGI.Quality:3]]
[2020.08.12-20.25.29:371][  0]LogConfig: Setting CVar [[r.EmitterSpawnRateScale:1.0]]
[2020.08.12-20.25.29:371][  0]LogConfig: Setting CVar [[r.ParticleLightQuality:2]]
[2020.08.12-20.25.29:371][  0]LogConfig: Setting CVar [[r.SkyAtmosphere.AerialPerspectiveLUT.FastApplyOnOpaque:1 ; Always have FastSkyLUT 1 in this case to avoid wrong sky]]
[2020.08.12-20.25.29:371][  0]LogConfig: Setting CVar [[r.SkyAtmosphere.AerialPerspectiveLUT.SampleCountPerSlice:1]]
[2020.08.12-20.25.29:371][  0]LogConfig: Setting CVar [[r.SkyAtmosphere.AerialPerspectiveLUT.DepthResolution:16.0]]
[2020.08.12-20.25.29:371][  0]LogConfig: Setting CVar [[r.SkyAtmosphere.FastSkyLUT:1]]
[2020.08.12-20.25.29:371][  0]LogConfig: Setting CVar [[r.SkyAtmosphere.FastSkyLUT.SampleCountMin:4.0]]
[2020.08.12-20.25.29:371][  0]LogConfig: Setting CVar [[r.SkyAtmosphere.FastSkyLUT.SampleCountMax:32.0]]
[2020.08.12-20.25.29:371][  0]LogConfig: Setting CVar [[r.SkyAtmosphere.SampleCountMin:4.0]]
[2020.08.12-20.25.29:371][  0]LogConfig: Setting CVar [[r.SkyAtmosphere.SampleCountMax:32.0]]
[2020.08.12-20.25.29:371][  0]LogConfig: Setting CVar [[r.SkyAtmosphere.TransmittanceLUT.UseSmallFormat:0]]
[2020.08.12-20.25.29:371][  0]LogConfig: Setting CVar [[r.SkyAtmosphere.TransmittanceLUT.SampleCount:10.0]]
[2020.08.12-20.25.29:371][  0]LogConfig: Setting CVar [[r.SkyAtmosphere.MultiScatteringLUT.SampleCount:15.0]]
[2020.08.12-20.25.29:371][  0]LogConfig: Applying CVar settings from Section [FoliageQuality@3] File [C:/Users/Student/Documents/GitHub/DataViz/DataViz/Saved/Config/Windows/Scalability.ini]
[2020.08.12-20.25.29:371][  0]LogConfig: Setting CVar [[foliage.DensityScale:1.0]]
[2020.08.12-20.25.29:371][  0]LogConfig: Setting CVar [[grass.DensityScale:1.0]]
[2020.08.12-20.25.29:371][  0]LogConfig: Applying CVar settings from Section [ShadingQuality@3] File [C:/Users/Student/Documents/GitHub/DataViz/DataViz/Saved/Config/Windows/Scalability.ini]
[2020.08.12-20.25.29:371][  0]LogConfig: Setting CVar [[r.HairStrands.SkyLighting.SampleCount:16]]
[2020.08.12-20.25.29:371][  0]LogConfig: Setting CVar [[r.HairStrands.SkyLighting.JitterIntegration:0]]
[2020.08.12-20.25.29:371][  0]LogConfig: Setting CVar [[r.HairStrands.SkyAO.SampleCount:16]]
[2020.08.12-20.25.29:372][  0]LogInit: Selected Device Profile: [Windows]
[2020.08.12-20.25.29:372][  0]LogInit: Applying CVar settings loaded from the selected device profile: [Windows]
[2020.08.12-20.25.29:381][  0]LogHAL: Display: Platform has ~ 32 GB [34043756544 / 34359738368 / 32], which maps to Largest [LargestMinGB=32, LargerMinGB=12, DefaultMinGB=8, SmallerMinGB=6, SmallestMinGB=0)
[2020.08.12-20.25.29:381][  0]LogInit: Going up to parent DeviceProfile []
[2020.08.12-20.25.29:381][  0]LogConfig: Applying CVar settings from Section [ViewDistanceQuality@3] File [C:/Users/Student/Documents/GitHub/DataViz/DataViz/Saved/Config/Windows/Scalability.ini]
[2020.08.12-20.25.29:381][  0]LogConfig: Setting CVar [[r.SkeletalMeshLODBias:0]]
[2020.08.12-20.25.29:381][  0]LogConfig: Setting CVar [[r.ViewDistanceScale:1.0]]
[2020.08.12-20.25.29:381][  0]LogConfig: Applying CVar settings from Section [AntiAliasingQuality@3] File [C:/Users/Student/Documents/GitHub/DataViz/DataViz/Saved/Config/Windows/Scalability.ini]
[2020.08.12-20.25.29:381][  0]LogConfig: Setting CVar [[r.PostProcessAAQuality:3]]
[2020.08.12-20.25.29:381][  0]LogConfig: Applying CVar settings from Section [ShadowQuality@3] File [C:/Users/Student/Documents/GitHub/DataViz/DataViz/Saved/Config/Windows/Scalability.ini]
[2020.08.12-20.25.29:381][  0]LogConfig: Setting CVar [[r.LightFunctionQuality:1]]
[2020.08.12-20.25.29:381][  0]LogConfig: Setting CVar [[r.ShadowQuality:5]]
[2020.08.12-20.25.29:381][  0]LogConfig: Setting CVar [[r.Shadow.CSM.MaxCascades:10]]
[2020.08.12-20.25.29:381][  0]LogConfig: Setting CVar [[r.Shadow.MaxResolution:2048]]
[2020.08.12-20.25.29:381][  0]LogConfig: Setting CVar [[r.Shadow.MaxCSMResolution:2048]]
[2020.08.12-20.25.29:381][  0]LogConfig: Setting CVar [[r.Shadow.RadiusThreshold:0.01]]
[2020.08.12-20.25.29:381][  0]LogConfig: Setting CVar [[r.Shadow.DistanceScale:1.0]]
[2020.08.12-20.25.29:381][  0]LogConfig: Setting CVar [[r.Shadow.CSM.TransitionScale:1.0]]
[2020.08.12-20.25.29:381][  0]LogConfig: Setting CVar [[r.Shadow.PreShadowResolutionFactor:1.0]]
[2020.08.12-20.25.29:381][  0]LogConfig: Setting CVar [[r.DistanceFieldShadowing:1]]
[2020.08.12-20.25.29:381][  0]LogConfig: Setting CVar [[r.DistanceFieldAO:1]]
[2020.08.12-20.25.29:381][  0]LogConfig: Setting CVar [[r.AOQuality:2]]
[2020.08.12-20.25.29:381][  0]LogConfig: Setting CVar [[r.VolumetricFog:1]]
[2020.08.12-20.25.29:381][  0]LogConfig: Setting CVar [[r.VolumetricFog.GridPixelSize:8]]
[2020.08.12-20.25.29:381][  0]LogConfig: Setting CVar [[r.VolumetricFog.GridSizeZ:128]]
[2020.08.12-20.25.29:381][  0]LogConfig: Setting CVar [[r.VolumetricFog.HistoryMissSupersampleCount:4]]
[2020.08.12-20.25.29:381][  0]LogConfig: Setting CVar [[r.LightMaxDrawDistanceScale:1]]
[2020.08.12-20.25.29:381][  0]LogConfig: Setting CVar [[r.CapsuleShadows:1]]
[2020.08.12-20.25.29:381][  0]LogConfig: Applying CVar settings from Section [PostProcessQuality@3] File [C:/Users/Student/Documents/GitHub/DataViz/DataViz/Saved/Config/Windows/Scalability.ini]
[2020.08.12-20.25.29:381][  0]LogConfig: Setting CVar [[r.MotionBlurQuality:0]]
[2020.08.12-20.25.29:381][  0]LogConfig: Setting CVar [[r.AmbientOcclusionMipLevelFactor:0.4]]
[2020.08.12-20.25.29:381][  0]LogConfig: Setting CVar [[r.AmbientOcclusionMaxQuality:100]]
[2020.08.12-20.25.29:381][  0]LogConfig: Setting CVar [[r.AmbientOcclusionLevels:0]]
[2020.08.12-20.25.29:381][  0]LogConfig: Setting CVar [[r.AmbientOcclusionRadiusScale:1.0]]
[2020.08.12-20.25.29:381][  0]LogConfig: Setting CVar [[r.DepthOfFieldQuality:0]]
[2020.08.12-20.25.29:381][  0]LogConfig: Setting CVar [[r.RenderTargetPoolMin:400]]
[2020.08.12-20.25.29:381][  0]LogConfig: Setting CVar [[r.LensFlareQuality:0]]
[2020.08.12-20.25.29:381][  0]LogConfig: Setting CVar [[r.SceneColorFringeQuality:0]]
[2020.08.12-20.25.29:381][  0]LogConfig: Setting CVar [[r.EyeAdaptationQuality:2]]
[2020.08.12-20.25.29:381][  0]LogConfig: Setting CVar [[r.BloomQuality:1]]
[2020.08.12-20.25.29:381][  0]LogConfig: Setting CVar [[r.FastBlurThreshold:0]]
[2020.08.12-20.25.29:381][  0]LogConfig: Setting CVar [[r.Upscale.Quality:3]]
[2020.08.12-20.25.29:381][  0]LogConfig: Setting CVar [[r.Tonemapper.GrainQuantization:1]]
[2020.08.12-20.25.29:381][  0]LogConfig: Setting CVar [[r.LightShaftQuality:1]]
[2020.08.12-20.25.29:381][  0]LogConfig: Setting CVar [[r.Filter.SizeScale:1]]
[2020.08.12-20.25.29:381][  0]LogConfig: Setting CVar [[r.Tonemapper.Quality:5]]
[2020.08.12-20.25.29:382][  0]LogConfig: Setting CVar [[r.DOF.Gather.AccumulatorQuality:1        ; higher gathering accumulator quality]]
[2020.08.12-20.25.29:382][  0]LogConfig: Setting CVar [[r.DOF.Gather.PostfilterMethod:1          ; Median3x3 postfilering method]]
[2020.08.12-20.25.29:382][  0]LogConfig: Setting CVar [[r.DOF.Gather.EnableBokehSettings:0       ; no bokeh simulation when gathering]]
[2020.08.12-20.25.29:382][  0]LogConfig: Setting CVar [[r.DOF.Gather.RingCount:4                 ; medium number of samples when gathering]]
[2020.08.12-20.25.29:382][  0]LogConfig: Setting CVar [[r.DOF.Scatter.ForegroundCompositing:1    ; additive foreground scattering]]
[2020.08.12-20.25.29:382][  0]LogConfig: Setting CVar [[r.DOF.Scatter.BackgroundCompositing:2    ; additive background scattering]]
[2020.08.12-20.25.29:382][  0]LogConfig: Setting CVar [[r.DOF.Scatter.EnableBokehSettings:1      ; bokeh simulation when scattering]]
[2020.08.12-20.25.29:382][  0]LogConfig: Setting CVar [[r.DOF.Scatter.MaxSpriteRatio:0.1         ; only a maximum of 10% of scattered bokeh]]
[2020.08.12-20.25.29:382][  0]LogConfig: Setting CVar [[r.DOF.Recombine.Quality:1                ; cheap slight out of focus]]
[2020.08.12-20.25.29:382][  0]LogConfig: Setting CVar [[r.DOF.Recombine.EnableBokehSettings:0    ; no bokeh simulation on slight out of focus]]
[2020.08.12-20.25.29:382][  0]LogConfig: Setting CVar [[r.DOF.TemporalAAQuality:1                ; more stable temporal accumulation]]
[2020.08.12-20.25.29:382][  0]LogConfig: Setting CVar [[r.DOF.Kernel.MaxForegroundRadius:0.025]]
[2020.08.12-20.25.29:382][  0]LogConfig: Setting CVar [[r.DOF.Kernel.MaxBackgroundRadius:0.025]]
[2020.08.12-20.25.29:382][  0]LogConfig: Applying CVar settings from Section [TextureQuality@3] File [C:/Users/Student/Documents/GitHub/DataViz/DataViz/Saved/Config/Windows/Scalability.ini]
[2020.08.12-20.25.29:382][  0]LogConfig: Setting CVar [[r.Streaming.MipBias:0]]
[2020.08.12-20.25.29:382][  0]LogConfig: Setting CVar [[r.Streaming.AmortizeCPUToGPUCopy:0]]
[2020.08.12-20.25.29:382][  0]LogConfig: Setting CVar [[r.Streaming.MaxNumTexturesToStreamPerFrame:0]]
[2020.08.12-20.25.29:382][  0]LogConfig: Setting CVar [[r.Streaming.Boost:1]]
[2020.08.12-20.25.29:382][  0]LogConfig: Setting CVar [[r.MaxAnisotropy:8]]
[2020.08.12-20.25.29:382][  0]LogConfig: Setting CVar [[r.VT.MaxAnisotropy:8]]
[2020.08.12-20.25.29:382][  0]LogConfig: Setting CVar [[r.Streaming.LimitPoolSizeToVRAM:0]]
[2020.08.12-20.25.29:382][  0]LogConfig: Setting CVar [[r.Streaming.PoolSize:1000]]
[2020.08.12-20.25.29:382][  0]LogConfig: Setting CVar [[r.Streaming.MaxEffectiveScreenSize:0]]
[2020.08.12-20.25.29:382][  0]LogConfig: Applying CVar settings from Section [EffectsQuality@3] File [C:/Users/Student/Documents/GitHub/DataViz/DataViz/Saved/Config/Windows/Scalability.ini]
[2020.08.12-20.25.29:382][  0]LogConfig: Setting CVar [[r.TranslucencyLightingVolumeDim:4]]
[2020.08.12-20.25.29:382][  0]LogConfig: Setting CVar [[r.RefractionQuality:2]]
[2020.08.12-20.25.29:382][  0]LogConfig: Setting CVar [[r.SSR.Quality:0]]
[2020.08.12-20.25.29:382][  0]LogConfig: Setting CVar [[r.SSR.HalfResSceneColor:0]]
[2020.08.12-20.25.29:382][  0]LogConfig: Setting CVar [[r.SceneColorFormat:2]]
[2020.08.12-20.25.29:382][  0]LogConfig: Setting CVar [[r.DetailMode:2]]
[2020.08.12-20.25.29:382][  0]LogConfig: Setting CVar [[r.TranslucencyVolumeBlur:0]]
[2020.08.12-20.25.29:382][  0]LogConfig: Setting CVar [[r.MaterialQualityLevel:1 ; High quality]]
[2020.08.12-20.25.29:382][  0]LogConfig: Setting CVar [[r.SSS.Scale:1]]
[2020.08.12-20.25.29:382][  0]LogConfig: Setting CVar [[r.SSS.SampleSet:2]]
[2020.08.12-20.25.29:382][  0]LogConfig: Setting CVar [[r.SSS.Quality:1]]
[2020.08.12-20.25.29:382][  0]LogConfig: Setting CVar [[r.SSS.HalfRes:1]]
[2020.08.12-20.25.29:382][  0]LogConfig: Setting CVar [[r.SSGI.Quality:3]]
[2020.08.12-20.25.29:382][  0]LogConfig: Setting CVar [[r.EmitterSpawnRateScale:1.0]]
[2020.08.12-20.25.29:382][  0]LogConfig: Setting CVar [[r.ParticleLightQuality:2]]
[2020.08.12-20.25.29:382][  0]LogConfig: Setting CVar [[r.SkyAtmosphere.AerialPerspectiveLUT.FastApplyOnOpaque:1 ; Always have FastSkyLUT 1 in this case to avoid wrong sky]]
[2020.08.12-20.25.29:382][  0]LogConfig: Setting CVar [[r.SkyAtmosphere.AerialPerspectiveLUT.SampleCountPerSlice:1]]
[2020.08.12-20.25.29:382][  0]LogConfig: Setting CVar [[r.SkyAtmosphere.AerialPerspectiveLUT.DepthResolution:16.0]]
[2020.08.12-20.25.29:382][  0]LogConfig: Setting CVar [[r.SkyAtmosphere.FastSkyLUT:1]]
[2020.08.12-20.25.29:382][  0]LogConfig: Setting CVar [[r.SkyAtmosphere.FastSkyLUT.SampleCountMin:4.0]]
[2020.08.12-20.25.29:382][  0]LogConfig: Setting CVar [[r.SkyAtmosphere.FastSkyLUT.SampleCountMax:32.0]]
[2020.08.12-20.25.29:382][  0]LogConfig: Setting CVar [[r.SkyAtmosphere.SampleCountMin:4.0]]
[2020.08.12-20.25.29:382][  0]LogConfig: Setting CVar [[r.SkyAtmosphere.SampleCountMax:32.0]]
[2020.08.12-20.25.29:382][  0]LogConfig: Setting CVar [[r.SkyAtmosphere.TransmittanceLUT.UseSmallFormat:0]]
[2020.08.12-20.25.29:382][  0]LogConfig: Setting CVar [[r.SkyAtmosphere.TransmittanceLUT.SampleCount:10.0]]
[2020.08.12-20.25.29:382][  0]LogConfig: Setting CVar [[r.SkyAtmosphere.MultiScatteringLUT.SampleCount:15.0]]
[2020.08.12-20.25.29:382][  0]LogConfig: Applying CVar settings from Section [FoliageQuality@3] File [C:/Users/Student/Documents/GitHub/DataViz/DataViz/Saved/Config/Windows/Scalability.ini]
[2020.08.12-20.25.29:382][  0]LogConfig: Setting CVar [[foliage.DensityScale:1.0]]
[2020.08.12-20.25.29:382][  0]LogConfig: Setting CVar [[grass.DensityScale:1.0]]
[2020.08.12-20.25.29:382][  0]LogConfig: Applying CVar settings from Section [ShadingQuality@3] File [C:/Users/Student/Documents/GitHub/DataViz/DataViz/Saved/Config/Windows/Scalability.ini]
[2020.08.12-20.25.29:382][  0]LogConfig: Setting CVar [[r.HairStrands.SkyLighting.SampleCount:16]]
[2020.08.12-20.25.29:382][  0]LogConfig: Setting CVar [[r.HairStrands.SkyLighting.JitterIntegration:0]]
[2020.08.12-20.25.29:382][  0]LogConfig: Setting CVar [[r.HairStrands.SkyAO.SampleCount:16]]
[2020.08.12-20.25.29:382][  0]LogConfig: Applying CVar settings from Section [Startup] File [../../../Engine/Config/ConsoleVariables.ini]
[2020.08.12-20.25.29:387][  0]LogConfig: Setting CVar [[net.UseAdaptiveNetUpdateFrequency:0]]
[2020.08.12-20.25.29:387][  0]LogConfig: Setting CVar [[p.chaos.AllowCreatePhysxBodies:1]]
[2020.08.12-20.25.29:387][  0]LogConfig: Applying CVar settings from Section [ConsoleVariables] File [C:/Users/Student/Documents/GitHub/DataViz/DataViz/Saved/Config/Windows/Engine.ini]
[2020.08.12-20.25.29:388][  0]LogInit: Computer: VAR106
[2020.08.12-20.25.29:388][  0]LogInit: User: Student
[2020.08.12-20.25.29:388][  0]LogInit: CPU Page size=4096, Cores=8
[2020.08.12-20.25.29:388][  0]LogInit: High frequency timer resolution =10.000000 MHz
[2020.08.12-20.25.29:388][  0]LogMemory: Memory total: Physical=31.7GB (32GB approx)
[2020.08.12-20.25.29:388][  0]LogMemory: Platform Memory Stats for Windows
[2020.08.12-20.25.29:388][  0]LogMemory: Process Physical Memory: 113.16 MB used, 113.17 MB peak
[2020.08.12-20.25.29:388][  0]LogMemory: Process Virtual Memory: 108.10 MB used, 108.10 MB peak
[2020.08.12-20.25.29:388][  0]LogMemory: Physical Memory: 6405.08 MB used,  26061.57 MB free, 32466.66 MB total
[2020.08.12-20.25.29:388][  0]LogMemory: Virtual Memory: 5228.41 MB used,  134212496.00 MB free, 134217728.00 MB total
[2020.08.12-20.25.29:394][  0]LogWindows: WindowsPlatformFeatures enabled
[2020.08.12-20.25.29:616][  0]LogInit: Using OS detected language (en-US).
[2020.08.12-20.25.29:616][  0]LogInit: Using OS detected locale (en-US).
[2020.08.12-20.25.29:618][  0]LogTextLocalizationManager: No specific localization for 'en-US' exists, so the 'en' localization will be used.
[2020.08.12-20.25.29:887][  0]LogInit: Setting process to per monitor DPI aware
[2020.08.12-20.25.29:976][  0]LogSlate: New Slate User Created.  User Index 0, Is Virtual User: 0
[2020.08.12-20.25.29:976][  0]LogSlate: Slate User Registered.  User Index 0, Is Virtual User: 0
[2020.08.12-20.25.32:113][  0]LogD3D11RHI: D3D11 min allowed feature level: 11_0
[2020.08.12-20.25.32:113][  0]LogD3D11RHI: D3D11 max allowed feature level: 11_0
[2020.08.12-20.25.32:113][  0]LogD3D11RHI: D3D11 adapters:
[2020.08.12-20.25.32:178][  0]LogD3D11RHI:    0. 'NVIDIA GeForce RTX 2080' (Feature Level 11_0)
[2020.08.12-20.25.32:178][  0]LogD3D11RHI:       8010/0/16233 MB DedicatedVideo/DedicatedSystem/SharedSystem, Outputs:1, VendorId:0x10de
[2020.08.12-20.25.32:181][  0]LogD3D11RHI:    1. 'Microsoft Basic Render Driver' (Feature Level 11_0)
[2020.08.12-20.25.32:181][  0]LogD3D11RHI:       0/0/16233 MB DedicatedVideo/DedicatedSystem/SharedSystem, Outputs:0, VendorId:0x1414
[2020.08.12-20.25.32:181][  0]LogD3D11RHI: Chosen D3D11 Adapter: 0
[2020.08.12-20.25.32:189][  0]LogD3D11RHI: Creating new Direct3DDevice
[2020.08.12-20.25.32:190][  0]LogD3D11RHI:     GPU DeviceId: 0x1e82 (for the marketing name, search the web for "GPU Device Id")
[2020.08.12-20.25.32:190][  0]LogWindows: EnumDisplayDevices:
[2020.08.12-20.25.32:190][  0]LogWindows:    0. 'NVIDIA GeForce RTX 2080' (P:1 D:1)
[2020.08.12-20.25.32:190][  0]LogWindows:    1. 'NVIDIA GeForce RTX 2080' (P:0 D:0)
[2020.08.12-20.25.32:190][  0]LogWindows:    2. 'NVIDIA GeForce RTX 2080' (P:0 D:0)
[2020.08.12-20.25.32:191][  0]LogWindows:    3. 'NVIDIA GeForce RTX 2080' (P:0 D:0)
[2020.08.12-20.25.32:191][  0]LogWindows: DebugString: FoundDriverCount:4 
[2020.08.12-20.25.32:191][  0]LogD3D11RHI:     Adapter Name: NVIDIA GeForce RTX 2080
[2020.08.12-20.25.32:191][  0]LogD3D11RHI:   Driver Version: 446.14 (internal:26.21.14.4614, unified:446.14)
[2020.08.12-20.25.32:191][  0]LogD3D11RHI:      Driver Date: 5-15-2020
[2020.08.12-20.25.32:191][  0]LogRHI: Texture pool is 5607 MB (70% of 8010 MB)
[2020.08.12-20.25.32:245][  0]LogD3D11RHI: RHI has support for 64 bit atomics
[2020.08.12-20.25.32:246][  0]LogD3D11RHI: Async texture creation enabled
[2020.08.12-20.25.32:265][  0]LogD3D11RHI: GPU Timing Frequency: 1000.000000 (Debug: 2 1)
[2020.08.12-20.25.32:567][  0]LogTargetPlatformManager: Display: Loaded TargetPlatform 'AllDesktop'
[2020.08.12-20.25.32:612][  0]LogTargetPlatformManager: Display: Loaded TargetPlatform 'Android'
[2020.08.12-20.25.32:612][  0]LogTargetPlatformManager: Display: Loaded TargetPlatform 'Android_ASTC'
[2020.08.12-20.25.32:612][  0]LogTargetPlatformManager: Display: Loaded TargetPlatform 'Android_ATC'
[2020.08.12-20.25.32:612][  0]LogTargetPlatformManager: Display: Loaded TargetPlatform 'Android_DXT'
[2020.08.12-20.25.32:612][  0]LogTargetPlatformManager: Display: Loaded TargetPlatform 'Android_ETC1'
[2020.08.12-20.25.32:612][  0]LogTargetPlatformManager: Display: Loaded TargetPlatform 'Android_ETC1a'
[2020.08.12-20.25.32:612][  0]LogTargetPlatformManager: Display: Loaded TargetPlatform 'Android_ETC2'
[2020.08.12-20.25.32:612][  0]LogTargetPlatformManager: Display: Loaded TargetPlatform 'Android_PVRTC'
[2020.08.12-20.25.32:612][  0]LogTargetPlatformManager: Display: Loaded TargetPlatform 'AndroidClient'
[2020.08.12-20.25.32:612][  0]LogTargetPlatformManager: Display: Loaded TargetPlatform 'Android_ASTCClient'
[2020.08.12-20.25.32:612][  0]LogTargetPlatformManager: Display: Loaded TargetPlatform 'Android_ATCClient'
[2020.08.12-20.25.32:612][  0]LogTargetPlatformManager: Display: Loaded TargetPlatform 'Android_DXTClient'
[2020.08.12-20.25.32:612][  0]LogTargetPlatformManager: Display: Loaded TargetPlatform 'Android_ETC1Client'
[2020.08.12-20.25.32:612][  0]LogTargetPlatformManager: Display: Loaded TargetPlatform 'Android_ETC1aClient'
[2020.08.12-20.25.32:612][  0]LogTargetPlatformManager: Display: Loaded TargetPlatform 'Android_ETC2Client'
[2020.08.12-20.25.32:612][  0]LogTargetPlatformManager: Display: Loaded TargetPlatform 'Android_PVRTCClient'
[2020.08.12-20.25.32:612][  0]LogTargetPlatformManager: Display: Loaded TargetPlatform 'Android_Multi'
[2020.08.12-20.25.32:612][  0]LogTargetPlatformManager: Display: Loaded TargetPlatform 'Android_MultiClient'
[2020.08.12-20.25.32:643][  0]LogTargetPlatformManager: Display: Loaded TargetPlatform 'IOSClient'
[2020.08.12-20.25.32:643][  0]LogTargetPlatformManager: Display: Loaded TargetPlatform 'IOS'
[2020.08.12-20.25.32:656][  0]LogTargetPlatformManager: Display: Loaded TargetPlatform 'LinuxNoEditor'
[2020.08.12-20.25.32:665][  0]LogTargetPlatformManager: Display: Loaded TargetPlatform 'LinuxClient'
[2020.08.12-20.25.32:675][  0]LogTargetPlatformManager: Display: Loaded TargetPlatform 'LinuxServer'
[2020.08.12-20.25.32:694][  0]LogTargetPlatformManager: Display: Loaded TargetPlatform 'LinuxAArch64NoEditor'
[2020.08.12-20.25.32:720][  0]LogTargetPlatformManager: Display: Loaded TargetPlatform 'LinuxAArch64Client'
[2020.08.12-20.25.32:728][  0]LogTargetPlatformManager: Display: Loaded TargetPlatform 'LinuxAArch64Server'
[2020.08.12-20.25.32:760][  0]LogTargetPlatformManager: Display: Loaded TargetPlatform 'Lumin'
[2020.08.12-20.25.32:760][  0]LogTargetPlatformManager: Display: Loaded TargetPlatform 'LuminClient'
[2020.08.12-20.25.32:773][  0]LogTargetPlatformManager: Display: Loaded TargetPlatform 'TVOSClient'
[2020.08.12-20.25.32:773][  0]LogTargetPlatformManager: Display: Loaded TargetPlatform 'TVOS'
[2020.08.12-20.25.32:781][  0]LogTargetPlatformManager: Display: Loaded TargetPlatform 'WindowsNoEditor'
[2020.08.12-20.25.32:790][  0]LogTargetPlatformManager: Display: Loaded TargetPlatform 'Windows'
[2020.08.12-20.25.32:800][  0]LogTargetPlatformManager: Display: Loaded TargetPlatform 'WindowsClient'
[2020.08.12-20.25.32:811][  0]LogTargetPlatformManager: Display: Loaded TargetPlatform 'WindowsServer'
[2020.08.12-20.25.32:811][  0]LogTargetPlatformManager: Display: Building Assets For Windows
[2020.08.12-20.25.32:858][  0]LogAudioDebug: Display: Lib vorbis DLL was dynamically loaded.
[2020.08.12-20.25.32:977][  0]LogShaderCompilers: Guid format shader working directory is -17 characters bigger than the processId version (../../../../../../Users/Student/Documents/GitHub/DataViz/DataViz/Intermediate/Shaders/WorkingDirectory/13876/).
[2020.08.12-20.25.32:977][  0]LogShaderCompilers: Cleaned the shader compiler working directory 'C:/Users/Student/AppData/Local/Temp/UnrealShaderWorkingDir/68C2F4E14A292F719263748730EA0101/'.
[2020.08.12-20.25.32:978][  0]LogXGEController: Cleaning working directory: C:/Users/Student/AppData/Local/Temp/UnrealXGEWorkingDir/
[2020.08.12-20.25.32:978][  0]LogXGEController: Cannot use XGE Controller as Incredibuild is not installed on this machine.
[2020.08.12-20.25.32:979][  0]LogShaderCompilers: Cannot use XGE Shader Compiler as Incredibuild is not installed on this machine.
[2020.08.12-20.25.32:979][  0]LogShaderCompilers: Display: Using Local Shader Compiler.
[2020.08.12-20.25.35:720][  0]LogDerivedDataCache: Display: Max Cache Size: 512 MB
[2020.08.12-20.25.35:841][  0]LogDerivedDataCache: Loaded boot cache 0.12s 83MB C:/Users/Student/AppData/Local/UnrealEngine/4.24/DerivedDataCache/Boot.ddc.
[2020.08.12-20.25.35:841][  0]LogDerivedDataCache: Display: Loaded Boot cache: C:/Users/Student/AppData/Local/UnrealEngine/4.24/DerivedDataCache/Boot.ddc
[2020.08.12-20.25.35:841][  0]LogDerivedDataCache: FDerivedDataBackendGraph:  Pak pak cache file ../../../../../../Users/Student/Documents/GitHub/DataViz/DataViz/DerivedDataCache/DDC.ddp not found, will not use a pak cache.
[2020.08.12-20.25.35:841][  0]LogDerivedDataCache: Unable to find inner node Pak for hierarchical cache Hierarchy.
[2020.08.12-20.25.35:841][  0]LogDerivedDataCache: FDerivedDataBackendGraph:  CompressedPak pak cache file ../../../../../../Users/Student/Documents/GitHub/DataViz/DataViz/DerivedDataCache/Compressed.ddp not found, will not use a pak cache.
[2020.08.12-20.25.35:841][  0]LogDerivedDataCache: Unable to find inner node CompressedPak for hierarchical cache Hierarchy.
[2020.08.12-20.25.35:858][  0]LogDerivedDataCache: Display: Pak cache opened for reading ../../../Engine/DerivedDataCache/Compressed.ddp.
[2020.08.12-20.25.35:858][  0]LogDerivedDataCache: FDerivedDataBackendGraph:  EnterprisePak pak cache file ../../../Enterprise/DerivedDataCache/Compressed.ddp not found, will not use a pak cache.
[2020.08.12-20.25.35:858][  0]LogDerivedDataCache: Unable to find inner node EnterprisePak for hierarchical cache Hierarchy.
[2020.08.12-20.25.35:860][  0]LogDerivedDataCache: Using Local data cache path C:/Users/Student/AppData/Local/UnrealEngine/Common/DerivedDataCache: Writable
[2020.08.12-20.25.35:860][  0]LogDerivedDataCache: Shared data cache path not found in *engine.ini, will not use an Shared cache.
[2020.08.12-20.25.35:860][  0]LogDerivedDataCache: Unable to find inner node Shared for hierarchical cache Hierarchy.
[2020.08.12-20.25.35:893][  0]LogMaterial: Verifying Global Shaders for PCD3D_SM5
[2020.08.12-20.25.35:902][  0]LogSlate: Using FreeType 2.10.0
[2020.08.12-20.25.35:999][  0]LogSlate: SlateFontServices - WITH_FREETYPE: 1, WITH_HARFBUZZ: 1
[2020.08.12-20.25.36:252][  0]LogAssetRegistry: FAssetRegistry took 0.0043 seconds to start up
[2020.08.12-20.25.36:666][  0]LogInit: Selected Device Profile: [Windows]
[2020.08.12-20.25.36:960][  0]LogMeshReduction: Using QuadricMeshReduction for automatic static mesh reduction
[2020.08.12-20.25.36:960][  0]LogMeshReduction: Using SimplygonMeshReduction for automatic skeletal mesh reduction
[2020.08.12-20.25.36:960][  0]LogMeshReduction: Using ProxyLODMeshReduction for automatic mesh merging
[2020.08.12-20.25.36:960][  0]LogMeshReduction: No distributed automatic mesh merging module available
[2020.08.12-20.25.36:960][  0]LogMeshMerging: No distributed automatic mesh merging module available
[2020.08.12-20.25.37:014][  0]LogNetVersion: DataViz 1.0.0, NetCL: 10570792, EngineNetVer: 13, GameNetVer: 0 (Checksum: 804735717)
[2020.08.12-20.25.40:498][  0]LogPackageLocalizationCache: Processed 10 localized package path(s) for 1 prioritized culture(s) in 0.059678 seconds
[2020.08.12-20.25.40:506][  0]LogUObjectArray: 46750 objects as part of root set at end of initial load.
[2020.08.12-20.25.40:506][  0]LogUObjectAllocator: 8137160 out of 0 bytes used by permanent object pool.
[2020.08.12-20.25.40:506][  0]LogUObjectArray: CloseDisregardForGC: 0/0 objects in disregard for GC pool
[2020.08.12-20.25.41:408][  0]LogVaRest: FVaRestModule::StartupModule(26): VaRest module started
[2020.08.12-20.25.41:416][  0]LogTcpMessaging: Initializing TcpMessaging bridge
[2020.08.12-20.25.41:423][  0]LogUdpMessaging: Initializing bridge on interface 0.0.0.0:0 to multicast group 230.0.0.1:6666.
[2020.08.12-20.25.41:529][  0]SourceControl: Source control is disabled
[2020.08.12-20.25.41:530][  0]SourceControl: Source control is disabled
[2020.08.12-20.25.41:537][  0]SourceControl: Source control is disabled
[2020.08.12-20.25.41:542][  0]SourceControl: Source control is disabled
[2020.08.12-20.25.41:545][  0]SourceControl: Source control is disabled
[2020.08.12-20.25.41:786][  0]LogAndroidPermission: UAndroidPermissionCallbackProxy::GetInstance
[2020.08.12-20.25.41:803][  0]LogAudioCaptureCore: Display: No Audio Capture implementations found. Audio input will be silent.
[2020.08.12-20.25.41:803][  0]LogAudioCaptureCore: Display: No Audio Capture implementations found. Audio input will be silent.
[2020.08.12-20.25.41:964][  0]LogOcInput: OculusInput pre-init called
[2020.08.12-20.25.42:723][  0]LogEngine: Initializing Engine...
[2020.08.12-20.25.42:724][  0]LogVaRest: UVaRestSubsystem::Initialize(23): VaRest subsystem initialized
[2020.08.12-20.25.42:724][  0]LogHMD: Oculus plugin initialized. Version: 4.24.3-11590370+++UE4+Release-4.24, OVRPlugin: 1.40.0
[2020.08.12-20.25.42:727][  0]LogStats: UGameplayTagsManager::InitializeManager -  0.001 s
[2020.08.12-20.25.43:220][  0]LogInit: Initializing FReadOnlyCVARCache
[2020.08.12-20.25.43:246][  0]LogAIModule: Creating AISystem for world Untitled
[2020.08.12-20.25.43:253][  0]LogAudioMixer: Display: Audio Mixer Platform Settings:
[2020.08.12-20.25.43:253][  0]LogAudioMixer: Display: 	Sample Rate:						  48000
[2020.08.12-20.25.43:253][  0]LogAudioMixer: Display: 	Callback Buffer Frame Size Requested: 1024
[2020.08.12-20.25.43:253][  0]LogAudioMixer: Display: 	Callback Buffer Frame Size To Use:	  1024
[2020.08.12-20.25.43:253][  0]LogAudioMixer: Display: 	Number of buffers to queue:			  2
[2020.08.12-20.25.43:253][  0]LogAudioMixer: Display: 	Max Channels (voices):				  32
[2020.08.12-20.25.43:253][  0]LogAudioMixer: Display: 	Number of Async Source Workers:		  0
[2020.08.12-20.25.43:254][  0]LogAudio: Display: AudioDevice MaxSources: 32
[2020.08.12-20.25.43:254][  0]LogAudio: Display: Using built-in audio occlusion.
[2020.08.12-20.25.43:254][  0]LogAudioMixer: Display: Initializing audio mixer.
[2020.08.12-20.25.43:274][  0]LogAudioMixer: Display: Audio Device Output Speaker Info:
[2020.08.12-20.25.43:274][  0]LogAudioMixer: Display: Name: Speakers / Headphones (Realtek Audio)
[2020.08.12-20.25.43:274][  0]LogAudioMixer: Display: Is Default: Yes
[2020.08.12-20.25.43:274][  0]LogAudioMixer: Display: Sample Rate: 48000
[2020.08.12-20.25.43:274][  0]LogAudioMixer: Display: Channel Count Used: 2
[2020.08.12-20.25.43:274][  0]LogAudioMixer: Display: Device Channel Count: 2
[2020.08.12-20.25.43:274][  0]LogAudioMixer: Display: Channel Order:
[2020.08.12-20.25.43:274][  0]LogAudioMixer: Display: 0: FrontLeft
[2020.08.12-20.25.43:274][  0]LogAudioMixer: Display: 1: FrontRight
[2020.08.12-20.25.43:356][  0]LogAudioMixer: Display: Using Audio Device Speakers / Headphones (Realtek Audio)
[2020.08.12-20.25.43:361][  0]LogInit: FAudioDevice initialized.
[2020.08.12-20.25.43:362][  0]LogNetVersion: Set ProjectVersion to 1.0.0.0. Version Checksum will be recalculated on next use.
[2020.08.12-20.25.43:529][  0]LogDerivedDataCache: Saved boot cache 0.17s 83MB C:/Users/Student/AppData/Local/UnrealEngine/4.24/DerivedDataCache/Boot.ddc.
[2020.08.12-20.25.43:533][  0]LogInit: Texture streaming: Enabled
[2020.08.12-20.25.43:571][  0]LogEngineSessionManager: EngineSessionManager initialized
[2020.08.12-20.25.43:571][  0]LogEditorSessionSummary: Verbose: Initializing EditorSessionSummaryWriter for editor session tracking
[2020.08.12-20.25.43:572][  0]LogEditorSessionSummary: EditorSessionSummaryWriter initialized
[2020.08.12-20.25.43:653][  0]LogInit: Transaction tracking system initialized
[2020.08.12-20.25.43:683][  0]BlueprintLog: New page: Editor Load
[2020.08.12-20.25.43:789][  0]LocalizationService: Localization service is disabled
[2020.08.12-20.25.44:605][  0]LogCook: Display: Max memory allowance for cook 16384mb min free memory 0mb
[2020.08.12-20.25.44:605][  0]LogCook: Display: Mobile HDR setting 1
[2020.08.12-20.25.44:850][  0]LogFileCache: Scanning file cache for directory 'C:/Users/Student/Documents/GitHub/DataViz/DataViz/Content/' took 0.02s
[2020.08.12-20.25.45:329][  0]SourceControl: Source control is disabled
[2020.08.12-20.25.45:329][  0]Cmd: MAP LOAD FILE="../../../../../../Users/Student/Documents/GitHub/DataViz/DataViz/Content/ScienceLab/MAPS/Showcase.umap" TEMPLATE=0 SHOWPROGRESS=1 FEATURELEVEL=3
[2020.08.12-20.25.45:330][  0]LightingResults: New page: Lighting Build
[2020.08.12-20.25.45:334][  0]LogWorld: UWorld::CleanupWorld for Untitled, bSessionEnded=true, bCleanupResources=true
[2020.08.12-20.25.45:335][  0]LogSlate: InvalidateAllWidgets triggered.  All widgets were invalidated
[2020.08.12-20.25.45:335][  0]MapCheck: New page: Map Check
[2020.08.12-20.25.45:335][  0]LightingResults: New page: Lighting Build
[2020.08.12-20.25.45:378][  0]LogUObjectHash: Compacting FUObjectHashTables data took   1.56ms
[2020.08.12-20.25.53:895][  0]LogAIModule: Creating AISystem for world Showcase
[2020.08.12-20.25.54:006][  0]LogEditorServer: Finished looking for orphan Actors (0.000 secs)
[2020.08.12-20.25.54:070][  0]LogUObjectHash: Compacting FUObjectHashTables data took   2.78ms
[2020.08.12-20.25.54:072][  0]Cmd: MAP CHECKDEP NOCLEARLOG
[2020.08.12-20.25.54:073][  0]MapCheck: Map check complete: 0 Error(s), 0 Warning(s), took 0.508ms to complete.
[2020.08.12-20.25.54:073][  0]LogFileHelpers: Loading map 'Showcase' took 8.743
[2020.08.12-20.25.54:290][  0]LogSlate: Updating window title bar state: overlay mode, drag disabled, window buttons hidden, title bar hidden
[2020.08.12-20.25.54:297][  0]LogSlate: Updating window title bar state: overlay mode, drag disabled, window buttons hidden, title bar hidden
[2020.08.12-20.25.54:303][  0]LogSlate: Updating window title bar state: overlay mode, drag disabled, window buttons hidden, title bar hidden
[2020.08.12-20.25.54:309][  0]LogSlate: Updating window title bar state: overlay mode, drag disabled, window buttons hidden, title bar hidden
[2020.08.12-20.25.54:331][  0]LogCollectionManager: Loaded 0 collections in 0.001841 seconds
[2020.08.12-20.25.54:356][  0]LogFileCache: Scanning file cache for directory 'C:/Users/Student/Documents/GitHub/DataViz/DataViz/Saved/Collections/' took 0.00s
[2020.08.12-20.25.54:356][  0]LogFileCache: Scanning file cache for directory 'C:/Users/Student/Documents/GitHub/DataViz/DataViz/Content/Developers/Student/Collections/' took 0.00s
[2020.08.12-20.25.54:356][  0]LogFileCache: Scanning file cache for directory 'C:/Users/Student/Documents/GitHub/DataViz/DataViz/Content/Collections/' took 0.00s
[2020.08.12-20.25.54:356][  0]LogContentBrowser: Native class hierarchy populated in 0.0083 seconds. Added 3025 classes and 725 folders.
[2020.08.12-20.25.54:364][  0]LogContentBrowser: Native class hierarchy updated for 'WidgetCarousel' in 0.0003 seconds. Added 0 classes and 0 folders.
[2020.08.12-20.25.54:684][  0]LogContentBrowser: Native class hierarchy updated for 'AddContentDialog' in 0.0003 seconds. Added 0 classes and 0 folders.
[2020.08.12-20.25.54:770][  0]LogSlate: Took 0.004884 seconds to synchronously load lazily loaded font '../../../Engine/Content/Slate/Fonts/Roboto-Regular.ttf' (155K)
[2020.08.12-20.25.54:778][  0]LogSlate: Took 0.004225 seconds to synchronously load lazily loaded font '../../../Engine/Content/Slate/Fonts/Roboto-Bold.ttf' (160K)
[2020.08.12-20.25.54:784][  0]LogSlate: Took 0.004411 seconds to synchronously load lazily loaded font '../../../Engine/Content/Editor/Slate/Fonts/FontAwesome.ttf' (139K)
[2020.08.12-20.25.54:936][  0]LogRenderer: Reallocating scene render targets to support 1208x572 Format 26 NumSamples 1 (Frame:1).
[2020.08.12-20.25.55:071][  0]LogContentBrowser: Native class hierarchy updated for 'HierarchicalLODOutliner' in 0.0003 seconds. Added 0 classes and 0 folders.
[2020.08.12-20.25.55:071][  0]LogLoad: (Engine Initialization) Total time: 31.01 seconds
[2020.08.12-20.25.55:071][  0]LogLoad: (Engine Initialization) Total Blueprint compile time: 0.00 seconds
[2020.08.12-20.25.55:082][  0]LogOcInput: OculusInput is initialized
[2020.08.12-20.25.55:153][  0]LogContentStreaming: Texture pool size now 1000 MB
[2020.08.12-20.25.55:523][  0]LogSlate: Took 0.301446 seconds to synchronously load lazily loaded font '../../../Engine/Content/Slate/Fonts/Roboto-Light.ttf' (167K)
[2020.08.12-20.25.56:326][ 14]LogAssetRegistry: Asset discovery search completed in 20.0756 seconds
[2020.08.12-20.25.56:333][ 14]LogCollectionManager: Fixed up redirectors for 0 collections in 0.000015 seconds (updated 0 objects)
[2020.08.12-20.26.10:317][602]EditorErrors: New page: Actor attachment
[2020.08.12-20.30.54:109][744]LogTemp: Repeating last play command: VR Preview
[2020.08.12-20.30.54:124][744]LogBlueprintUserMessages: Early PlayInEditor Detection: Level '/Game/ScienceLab/MAPS/Showcase.Showcase:PersistentLevel' has LevelScriptBlueprint '/Game/ScienceLab/MAPS/Showcase.Showcase:PersistentLevel.Showcase' with GeneratedClass '/Game/ScienceLab/MAPS/Showcase.Showcase_C' with ClassGeneratedBy '/Game/ScienceLab/MAPS/Showcase.Showcase:PersistentLevel.Showcase'
[2020.08.12-20.30.54:124][744]LogPlayLevel: PlayLevel: No blueprints needed recompiling
[2020.08.12-20.30.54:126][744]PIE: New page: PIE session: Showcase (Aug 12, 2020, 6:30:54 AM)
[2020.08.12-20.30.54:128][744]LogOnline: OSS: Creating online subsystem instance for: NULL
[2020.08.12-20.30.54:130][744]LogOnline: OSS: TryLoadSubsystemAndSetDefault: Loaded subsystem for module [NULL]
[2020.08.12-20.30.54:130][744]LogPlayLevel: Creating play world package: /Game/ScienceLab/MAPS/UEDPIE_0_Showcase
[2020.08.12-20.30.54:179][744]LogPlayLevel: PIE: StaticDuplicateObject took: (0.048941s)
[2020.08.12-20.30.54:180][744]LogAIModule: Creating AISystem for world Showcase
[2020.08.12-20.30.54:180][744]LogPlayLevel: PIE: World Init took: (0.001219s)
[2020.08.12-20.30.54:180][744]LogPlayLevel: PIE: Created PIE world by copying editor world from /Game/ScienceLab/MAPS/Showcase.Showcase to /Game/ScienceLab/MAPS/UEDPIE_0_Showcase.Showcase (0.050541s)
[2020.08.12-20.30.54:217][744]LogUObjectHash: Compacting FUObjectHashTables data took   1.65ms
[2020.08.12-20.30.54:220][744]LogHMD: Initializing OVRPlugin session
[2020.08.12-20.30.55:984][744]LogHMD: Allocating Oculus 3296 x 1776 rendertarget swapchain
[2020.08.12-20.30.55:986][744]LogAudioMixer: Display: Audio Mixer Platform Settings:
[2020.08.12-20.30.55:986][744]LogAudioMixer: Display: 	Sample Rate:						  48000
[2020.08.12-20.30.55:986][744]LogAudioMixer: Display: 	Callback Buffer Frame Size Requested: 1024
[2020.08.12-20.30.55:986][744]LogAudioMixer: Display: 	Callback Buffer Frame Size To Use:	  1024
[2020.08.12-20.30.55:986][744]LogAudioMixer: Display: 	Number of buffers to queue:			  2
[2020.08.12-20.30.55:986][744]LogAudioMixer: Display: 	Max Channels (voices):				  32
[2020.08.12-20.30.55:986][744]LogAudioMixer: Display: 	Number of Async Source Workers:		  0
[2020.08.12-20.30.55:986][744]LogAudio: Display: AudioDevice MaxSources: 32
[2020.08.12-20.30.55:987][744]LogAudio: Display: Using built-in audio occlusion.
[2020.08.12-20.30.55:987][744]LogAudioMixer: Display: Initializing audio mixer.
[2020.08.12-20.30.55:996][744]LogAudioMixer: Display: Audio Device Output Speaker Info:
[2020.08.12-20.30.55:996][744]LogAudioMixer: Display: Name: Speakers / Headphones (Realtek Audio)
[2020.08.12-20.30.55:996][744]LogAudioMixer: Display: Is Default: Yes
[2020.08.12-20.30.55:996][744]LogAudioMixer: Display: Sample Rate: 48000
[2020.08.12-20.30.55:996][744]LogAudioMixer: Display: Channel Count Used: 2
[2020.08.12-20.30.55:996][744]LogAudioMixer: Display: Device Channel Count: 2
[2020.08.12-20.30.55:996][744]LogAudioMixer: Display: Channel Order:
[2020.08.12-20.30.55:996][744]LogAudioMixer: Display: 0: FrontLeft
[2020.08.12-20.30.55:996][744]LogAudioMixer: Display: 1: FrontRight
[2020.08.12-20.30.55:996][744]LogAudioMixer: Display: Audio Device Output Speaker Info:
[2020.08.12-20.30.55:996][744]LogAudioMixer: Display: Name: Headphones (Oculus Virtual Audio Device)
[2020.08.12-20.30.55:996][744]LogAudioMixer: Display: Is Default: No
[2020.08.12-20.30.55:996][744]LogAudioMixer: Display: Sample Rate: 48000
[2020.08.12-20.30.55:996][744]LogAudioMixer: Display: Channel Count Used: 2
[2020.08.12-20.30.55:996][744]LogAudioMixer: Display: Device Channel Count: 2
[2020.08.12-20.30.55:996][744]LogAudioMixer: Display: Channel Order:
[2020.08.12-20.30.55:996][744]LogAudioMixer: Display: 0: FrontLeft
[2020.08.12-20.30.55:996][744]LogAudioMixer: Display: 1: FrontRight
[2020.08.12-20.30.55:996][744]LogAudioMixer: Display: Audio Device Output Speaker Info:
[2020.08.12-20.30.55:996][744]LogAudioMixer: Display: Name: Headphones (2- Rift S)
[2020.08.12-20.30.55:996][744]LogAudioMixer: Display: Is Default: No
[2020.08.12-20.30.55:996][744]LogAudioMixer: Display: Sample Rate: 48000
[2020.08.12-20.30.55:996][744]LogAudioMixer: Display: Channel Count Used: 2
[2020.08.12-20.30.55:996][744]LogAudioMixer: Display: Device Channel Count: 2
[2020.08.12-20.30.55:996][744]LogAudioMixer: Display: Channel Order:
[2020.08.12-20.30.55:996][744]LogAudioMixer: Display: 0: FrontLeft
[2020.08.12-20.30.55:997][744]LogAudioMixer: Display: 1: FrontRight
[2020.08.12-20.30.55:997][744]LogAudioMixer: Display: Audio Device Output Speaker Info:
[2020.08.12-20.30.55:997][744]LogAudioMixer: Display: Name: Headphones (2- Rift S)
[2020.08.12-20.30.55:997][744]LogAudioMixer: Display: Is Default: No
[2020.08.12-20.30.55:997][744]LogAudioMixer: Display: Sample Rate: 48000
[2020.08.12-20.30.55:997][744]LogAudioMixer: Display: Channel Count Used: 2
[2020.08.12-20.30.55:997][744]LogAudioMixer: Display: Device Channel Count: 2
[2020.08.12-20.30.55:997][744]LogAudioMixer: Display: Channel Order:
[2020.08.12-20.30.55:997][744]LogAudioMixer: Display: 0: FrontLeft
[2020.08.12-20.30.55:997][744]LogAudioMixer: Display: 1: FrontRight
[2020.08.12-20.30.56:006][744]LogAudioMixer: Display: Using Audio Device Headphones (2- Rift S)
[2020.08.12-20.30.56:008][744]LogInit: FAudioDevice initialized.
[2020.08.12-20.30.56:016][744]LogSlate: Updating window title bar state: overlay mode, drag disabled, window buttons hidden, title bar hidden
[2020.08.12-20.30.56:066][744]LogLoad: Game class is 'GameModeBase'
[2020.08.12-20.30.56:091][744]LogWorld: Bringing World /Game/ScienceLab/MAPS/UEDPIE_0_Showcase.Showcase up for play (max tick rate 0) at 2020.08.12-13.30.56
[2020.08.12-20.30.56:092][744]LogWorld: Bringing up level for play took: 0.024866
[2020.08.12-20.30.56:093][744]LogOnline: OSS: Creating online subsystem instance for: :Context_5
[2020.08.12-20.30.56:098][744]LogContentBrowser: Native class hierarchy updated for 'MovieSceneCapture' in 0.0004 seconds. Added 20 classes and 0 folders.
[2020.08.12-20.30.56:117][744]LogVaRest: Request (binary): GET https://from-day-zero.firebaseio.com/Years/1.json
[2020.08.12-20.30.56:127][744]PIE: Play in editor start time for /Game/ScienceLab/MAPS/UEDPIE_0_Showcase 1.919
[2020.08.12-20.30.56:128][744]LogBlueprintUserMessages: Late PlayInEditor Detection: Level '/Game/ScienceLab/MAPS/Showcase.Showcase:PersistentLevel' has LevelScriptBlueprint '/Game/ScienceLab/MAPS/Showcase.Showcase:PersistentLevel.Showcase' with GeneratedClass '/Game/ScienceLab/MAPS/Showcase.Showcase_C' with ClassGeneratedBy '/Game/ScienceLab/MAPS/Showcase.Showcase:PersistentLevel.Showcase'
[2020.08.12-20.30.56:128][744]LogEngine: Changing dynamic resolution state.
[2020.08.12-20.30.56:209][744]LogRenderer: Reallocating scene render targets to support 3296x1776 Format 26 NumSamples 1 (Frame:1).
[2020.08.12-20.30.56:209][744]LogHMD: Allocating Oculus 3296 x 1776 depth rendertarget swapchain
[2020.08.12-20.30.56:449][766]LogVaRest: Response (200): 
JSON(
"During the Han Dynasty, herbalist-scholars record in written texts many of the basic ideas and principles of traditional Chinese herbal science and acupuncture that are still in use today. In 220 Chinese physician Zhang Zhongjing publishes the oldest, complete medical textbook in the world, focusing on diagnosis, treatment and prognosis. Today, Zhang’s work remains highly regarded and important in the practice of Chinese medicine, and he is often referred to as the Chinese Hippocrates."
)JSON
[2020.08.12-20.34.33:558][251]LogVaRest: Request (binary): GET https://from-day-zero.firebaseio.com/Years/165.json
[2020.08.12-20.34.33:784][270]LogVaRest: Response (200): 
JSON(
"The Antonine Plague decimates two-thirds of Romans (possibly the most widespread and catastrophic disease in Imperial Rome). The accumulation of waste and garbage in Roman cities provided the motivation for the development of aqueducts, sewers, and public baths. The epidemic also wreaked havoc on the economy, agricultural production, and decimated the military. Many scholars also believe it created a climate that gave rise to monotheistic religions, including Christianity."
)JSON
[2020.08.12-20.35.08:620][ 53]LogVaRest: Request (binary): GET https://from-day-zero.firebaseio.com/Years/1.json
[2020.08.12-20.35.09:311][109]LogVaRest: Response (200): 
JSON(
"During the Han Dynasty, herbalist-scholars record in written texts many of the basic ideas and principles of traditional Chinese herbal science and acupuncture that are still in use today. In 220 Chinese physician Zhang Zhongjing publishes the oldest, complete medical textbook in the world, focusing on diagnosis, treatment and prognosis. Today, Zhang’s work remains highly regarded and important in the practice of Chinese medicine, and he is often referred to as the Chinese Hippocrates."
)JSON
[2020.08.12-20.35.09:896][155]LogVaRest: Request (binary): GET https://from-day-zero.firebaseio.com/Years/165.json
[2020.08.12-20.35.09:973][162]LogVaRest: Response (200): 
JSON(
"The Antonine Plague decimates two-thirds of Romans (possibly the most widespread and catastrophic disease in Imperial Rome). The accumulation of waste and garbage in Roman cities provided the motivation for the development of aqueducts, sewers, and public baths. The epidemic also wreaked havoc on the economy, agricultural production, and decimated the military. Many scholars also believe it created a climate that gave rise to monotheistic religions, including Christianity."
)JSON
[2020.08.12-20.35.10:833][230]LogVaRest: Request (binary): GET https://from-day-zero.firebaseio.com/Years/1.json
[2020.08.12-20.35.10:910][237]LogVaRest: Response (200): 
JSON(
"During the Han Dynasty, herbalist-scholars record in written texts many of the basic ideas and principles of traditional Chinese herbal science and acupuncture that are still in use today. In 220 Chinese physician Zhang Zhongjing publishes the oldest, complete medical textbook in the world, focusing on diagnosis, treatment and prognosis. Today, Zhang’s work remains highly regarded and important in the practice of Chinese medicine, and he is often referred to as the Chinese Hippocrates."
)JSON
[2020.08.12-20.35.11:747][303]LogVaRest: Request (binary): GET https://from-day-zero.firebaseio.com/Years/165.json
[2020.08.12-20.35.11:822][310]LogVaRest: Response (200): 
JSON(
"The Antonine Plague decimates two-thirds of Romans (possibly the most widespread and catastrophic disease in Imperial Rome). The accumulation of waste and garbage in Roman cities provided the motivation for the development of aqueducts, sewers, and public baths. The epidemic also wreaked havoc on the economy, agricultural production, and decimated the military. Many scholars also believe it created a climate that gave rise to monotheistic religions, including Christianity."
)JSON
[2020.08.12-20.35.12:633][374]LogVaRest: Request (binary): GET https://from-day-zero.firebaseio.com/Years/1.json
[2020.08.12-20.35.12:722][382]LogVaRest: Response (200): 
JSON(
"During the Han Dynasty, herbalist-scholars record in written texts many of the basic ideas and principles of traditional Chinese herbal science and acupuncture that are still in use today. In 220 Chinese physician Zhang Zhongjing publishes the oldest, complete medical textbook in the world, focusing on diagnosis, treatment and prognosis. Today, Zhang’s work remains highly regarded and important in the practice of Chinese medicine, and he is often referred to as the Chinese Hippocrates."
)JSON
[2020.08.12-20.35.13:533][446]LogVaRest: Request (binary): GET https://from-day-zero.firebaseio.com/Years/165.json
[2020.08.12-20.35.13:622][454]LogVaRest: Response (200): 
JSON(
"The Antonine Plague decimates two-thirds of Romans (possibly the most widespread and catastrophic disease in Imperial Rome). The accumulation of waste and garbage in Roman cities provided the motivation for the development of aqueducts, sewers, and public baths. The epidemic also wreaked havoc on the economy, agricultural production, and decimated the military. Many scholars also believe it created a climate that gave rise to monotheistic religions, including Christianity."
)JSON
[2020.08.12-20.38.38:661][838]LogAudioMixer: Display: No commands were queued while flushing the source manager.
[2020.08.12-20.38.38:680][838]LogAudioMixer: Display: Flush succeeded in the source manager command queue (1).
[2020.08.12-20.38.38:700][838]LogAudioMixer: Display: Flush succeeded the source manager command queue (2).
[2020.08.12-20.38.38:700][838]LogBlueprintUserMessages: Early EndPlayMap Detection: Level '/Game/ScienceLab/MAPS/Showcase.Showcase:PersistentLevel' has LevelScriptBlueprint '/Game/ScienceLab/MAPS/Showcase.Showcase:PersistentLevel.Showcase' with GeneratedClass '/Game/ScienceLab/MAPS/Showcase.Showcase_C' with ClassGeneratedBy '/Game/ScienceLab/MAPS/Showcase.Showcase:PersistentLevel.Showcase'
[2020.08.12-20.38.38:717][838]LogSlate: Updating window title bar state: overlay mode, drag disabled, window buttons hidden, title bar hidden
[2020.08.12-20.38.38:717][838]LogWorld: BeginTearingDown for /Game/ScienceLab/MAPS/UEDPIE_0_Showcase
[2020.08.12-20.38.38:780][838]LogSlate: Window 'DataViz Game Preview Standalone (64-bit/PCD3D_SM5)' being destroyed
[2020.08.12-20.38.38:783][838]LogAudioMixer: Display: No commands were queued while flushing the source manager.
[2020.08.12-20.38.38:784][838]LogWorld: UWorld::CleanupWorld for Showcase, bSessionEnded=true, bCleanupResources=true
[2020.08.12-20.38.38:791][838]LogSlate: InvalidateAllWidgets triggered.  All widgets were invalidated
[2020.08.12-20.38.38:796][838]LogPlayLevel: Display: Shutting down PIE online subsystems
[2020.08.12-20.38.38:797][838]LogBlueprintUserMessages: Late EndPlayMap Detection: Level '/Game/ScienceLab/MAPS/Showcase.Showcase:PersistentLevel' has LevelScriptBlueprint '/Game/ScienceLab/MAPS/Showcase.Showcase:PersistentLevel.Showcase' with GeneratedClass '/Game/ScienceLab/MAPS/Showcase.Showcase_C' with ClassGeneratedBy '/Game/ScienceLab/MAPS/Showcase.Showcase:PersistentLevel.Showcase'
[2020.08.12-20.38.38:802][838]LogSlate: InvalidateAllWidgets triggered.  All widgets were invalidated
[2020.08.12-20.38.38:838][838]LogAudioMixer: Display: No commands were queued while flushing the source manager.
[2020.08.12-20.38.38:853][838]LogUObjectHash: Compacting FUObjectHashTables data took   2.05ms
[2020.08.12-20.38.38:864][839]LogPlayLevel: Display: Destroying online subsystem :Context_5
[2020.08.12-20.38.38:874][839]LogEngine: Changing dynamic resolution state.
[2020.08.12-20.40.36:469][665]LogSlate: Window 'Project Settings' being destroyed
[2020.08.12-20.46.33:226][229]LogSlate: Took 0.005582 seconds to synchronously load lazily loaded font '../../../Engine/Content/Slate/Fonts/Roboto-Light.ttf' (167K)
[2020.08.12-20.46.33:240][229]LogAssetEditorSubsystem: Opening Asset editor for Blueprint /Game/Blueprints/Panel_BP.Panel_BP
[2020.08.12-20.46.33:416][229]LogContentBrowser: Native class hierarchy updated for 'BlueprintGraph' in 0.0005 seconds. Added 121 classes and 0 folders.
[2020.08.12-20.46.34:189][229]LogSlate: Took 0.005086 seconds to synchronously load lazily loaded font '../../../Engine/Content/Slate/Fonts/Roboto-BoldCondensed.ttf' (158K)
[2020.08.12-20.46.34:357][230]LogSlate: Took 0.004646 seconds to synchronously load lazily loaded font '../../../Engine/Content/Slate/Fonts/Roboto-Italic.ttf' (157K)
[2020.08.12-20.47.27:510][235]LogUObjectHash: Compacting FUObjectHashTables data took   3.64ms
[2020.08.12-20.47.28:024][235]LogSavePackage: Moving '../../../../../../Users/Student/Documents/GitHub/DataViz/DataViz/Saved/Showcase_Auto1AD0BB38840931970D1FF55B2EBB19F44.tmp' to '../../../../../../Users/Student/Documents/GitHub/DataViz/DataViz/Saved/Autosaves/Game/ScienceLab/MAPS/Showcase_Auto1.umap'
[2020.08.12-20.47.28:030][235]LogFileHelpers: Editor autosave (incl. sublevels) for '/Game/ScienceLab/MAPS/Showcase' took 0.564
[2020.08.12-20.47.28:030][235]LogFileHelpers: Editor autosave (incl. sublevels) for all levels took 0.564
[2020.08.12-20.53.13:288][309]LogAssetEditorSubsystem: Opening Asset editor for UserDefinedStruct /Game/Blueprints/Enums/ImageState_Struct.ImageState_Struct
[2020.08.12-20.53.27:858][ 39]LogSlate: Window 'ImageState_Struct' being destroyed
[2020.08.12-20.53.32:838][604]LogAssetEditorSubsystem: Opening Asset editor for WidgetBlueprint /Game/Widgets/Panel_Widget.Panel_Widget
[2020.08.12-20.53.37:045][ 28]LogSlate: Took 0.010395 seconds to synchronously load lazily loaded font '../../../Engine/Content/Slate/Fonts/DroidSansFallback.ttf' (3848K)
[2020.08.12-20.57.28:602][824]LogUObjectHash: Compacting FUObjectHashTables data took   4.66ms
[2020.08.12-20.57.28:604][824]LogFileHelpers: Editor autosave (incl. sublevels) for '/Game/ScienceLab/MAPS/Showcase' took 0.081
[2020.08.12-20.57.28:605][824]OBJ SavePackage: Generating thumbnails for [1] asset(s) in package [/Game/Blueprints/Panel_BP] ([1] browsable assets)...
[2020.08.12-20.57.28:644][824]OBJ SavePackage:     Rendered thumbnail for [Blueprint /Game/Blueprints/Panel_BP.Panel_BP]
[2020.08.12-20.57.28:644][824]OBJ SavePackage: Finished generating thumbnails for package [/Game/Blueprints/Panel_BP]
[2020.08.12-20.57.28:712][824]LogSavePackage: Moving '../../../../../../Users/Student/Documents/GitHub/DataViz/DataViz/Saved/Panel_BP_Auto2A3F4B7C14C5ABB52D8809D950DB92337.tmp' to '../../../../../../Users/Student/Documents/GitHub/DataViz/DataViz/Saved/Autosaves/Game/Blueprints/Panel_BP_Auto2.uasset'
[2020.08.12-20.57.28:714][824]LogFileHelpers: Auto-saving content packages took 0.110
